{
"contracts/Voting.sol":{"l":{"42":47,"43":41,"56":3,"65":4,"71":28,"75":26,"77":24,"78":24,"84":19,"88":17,"94":15,"95":15,"96":15,"97":15,"103":15,"107":13,"108":11,"110":9,"111":9,"112":9,"114":9,"120":31,"124":29,"125":29,"132":22,"136":20,"137":20,"144":21,"148":17,"149":17,"156":7,"160":5,"161":5,"168":11,"172":3,"173":3,"174":3,"178":1,"181":3,"183":3,"184":3},"path":"/Users/rey/Code/Alyra/Aly-Vote-Test/contracts/Voting.sol","s":{"1":47,"2":3,"3":4,"4":28,"5":26,"6":24,"7":19,"8":17,"9":15,"10":15,"11":15,"12":15,"13":13,"14":11,"15":9,"16":31,"17":29,"18":22,"19":20,"20":21,"21":17,"22":7,"23":5,"24":11,"25":3,"26":3,"27":3,"28":3},"b":{"1":[41,6],"2":[3,1],"3":[4,1],"4":[28,2],"5":[26,2],"6":[24,2],"7":[19,2],"8":[17,2],"9":[15,2],"10":[15,2],"11":[13,2],"12":[11,2],"13":[9,2],"14":[31,2],"15":[29,2],"16":[22,2],"17":[20,2],"18":[21,2],"19":[17,4],"20":[7,2],"21":[5,2],"22":[11,2],"23":[3,8],"24":[1,2]},"f":{"1":47,"2":3,"3":4,"4":28,"5":19,"6":15,"7":31,"8":22,"9":21,"10":7,"11":11},"fnMap":{"1":{"name":"onlyVoters","line":41,"loc":{"start":{"line":41,"column":4},"end":{"line":44,"column":4}}},"2":{"name":"getVoter","line":53,"loc":{"start":{"line":50,"column":4},"end":{"line":57,"column":4}}},"3":{"name":"getOneProposal","line":62,"loc":{"start":{"line":59,"column":4},"end":{"line":66,"column":4}}},"4":{"name":"addVoter","line":70,"loc":{"start":{"line":70,"column":4},"end":{"line":79,"column":4}}},"5":{"name":"addProposal","line":83,"loc":{"start":{"line":83,"column":4},"end":{"line":98,"column":4}}},"6":{"name":"setVote","line":102,"loc":{"start":{"line":102,"column":4},"end":{"line":115,"column":4}}},"7":{"name":"startProposalsRegistering","line":119,"loc":{"start":{"line":119,"column":4},"end":{"line":129,"column":4}}},"8":{"name":"endProposalsRegistering","line":131,"loc":{"start":{"line":131,"column":4},"end":{"line":141,"column":4}}},"9":{"name":"startVotingSession","line":143,"loc":{"start":{"line":143,"column":4},"end":{"line":153,"column":4}}},"10":{"name":"endVotingSession","line":155,"loc":{"start":{"line":155,"column":4},"end":{"line":165,"column":4}}},"11":{"name":"tallyVotes","line":167,"loc":{"start":{"line":167,"column":4},"end":{"line":188,"column":4}}}},"statementMap":{"1":{"start":{"line":42,"column":8},"end":{"line":42,"column":69}},"2":{"start":{"line":56,"column":8},"end":{"line":56,"column":28}},"3":{"start":{"line":65,"column":8},"end":{"line":65,"column":34}},"4":{"start":{"line":71,"column":8},"end":{"line":71,"column":1650}},"5":{"start":{"line":75,"column":8},"end":{"line":75,"column":72}},"6":{"start":{"line":78,"column":8},"end":{"line":78,"column":35}},"7":{"start":{"line":84,"column":8},"end":{"line":84,"column":2071}},"8":{"start":{"line":88,"column":8},"end":{"line":88,"column":2218}},"9":{"start":{"line":94,"column":8},"end":{"line":94,"column":32}},"10":{"start":{"line":96,"column":8},"end":{"line":96,"column":36}},"11":{"start":{"line":97,"column":8},"end":{"line":97,"column":58}},"12":{"start":{"line":103,"column":8},"end":{"line":103,"column":2710}},"13":{"start":{"line":107,"column":8},"end":{"line":107,"column":77}},"14":{"start":{"line":108,"column":8},"end":{"line":108,"column":65}},"15":{"start":{"line":114,"column":8},"end":{"line":114,"column":35}},"16":{"start":{"line":120,"column":8},"end":{"line":120,"column":3333}},"17":{"start":{"line":125,"column":8},"end":{"line":125,"column":3552}},"18":{"start":{"line":132,"column":8},"end":{"line":132,"column":3766}},"19":{"start":{"line":137,"column":8},"end":{"line":137,"column":3993}},"20":{"start":{"line":144,"column":8},"end":{"line":144,"column":4211}},"21":{"start":{"line":149,"column":8},"end":{"line":149,"column":4433}},"22":{"start":{"line":156,"column":8},"end":{"line":156,"column":4641}},"23":{"start":{"line":161,"column":8},"end":{"line":161,"column":4845}},"24":{"start":{"line":168,"column":8},"end":{"line":168,"column":5039}},"25":{"start":{"line":172,"column":8},"end":{"line":172,"column":34}},"26":{"start":{"line":173,"column":8},"end":{"line":173,"column":5225}},"27":{"start":{"line":174,"column":12},"end":{"line":174,"column":5295}},"28":{"start":{"line":184,"column":8},"end":{"line":184,"column":5595}}},"branchMap":{"1":{"line":42,"type":"if","locations":[{"start":{"line":42,"column":8},"end":{"line":42,"column":8}},{"start":{"line":42,"column":8},"end":{"line":42,"column":8}}]},"2":{"line":53,"type":"if","locations":[{"start":{"line":53,"column":8},"end":{"line":53,"column":8}},{"start":{"line":53,"column":8},"end":{"line":53,"column":8}}]},"3":{"line":62,"type":"if","locations":[{"start":{"line":62,"column":8},"end":{"line":62,"column":8}},{"start":{"line":62,"column":8},"end":{"line":62,"column":8}}]},"4":{"line":70,"type":"if","locations":[{"start":{"line":70,"column":46},"end":{"line":70,"column":46}},{"start":{"line":70,"column":46},"end":{"line":70,"column":46}}]},"5":{"line":71,"type":"if","locations":[{"start":{"line":71,"column":8},"end":{"line":71,"column":8}},{"start":{"line":71,"column":8},"end":{"line":71,"column":8}}]},"6":{"line":75,"type":"if","locations":[{"start":{"line":75,"column":8},"end":{"line":75,"column":8}},{"start":{"line":75,"column":8},"end":{"line":75,"column":8}}]},"7":{"line":83,"type":"if","locations":[{"start":{"line":83,"column":55},"end":{"line":83,"column":55}},{"start":{"line":83,"column":55},"end":{"line":83,"column":55}}]},"8":{"line":84,"type":"if","locations":[{"start":{"line":84,"column":8},"end":{"line":84,"column":8}},{"start":{"line":84,"column":8},"end":{"line":84,"column":8}}]},"9":{"line":88,"type":"if","locations":[{"start":{"line":88,"column":8},"end":{"line":88,"column":8}},{"start":{"line":88,"column":8},"end":{"line":88,"column":8}}]},"10":{"line":102,"type":"if","locations":[{"start":{"line":102,"column":43},"end":{"line":102,"column":43}},{"start":{"line":102,"column":43},"end":{"line":102,"column":43}}]},"11":{"line":103,"type":"if","locations":[{"start":{"line":103,"column":8},"end":{"line":103,"column":8}},{"start":{"line":103,"column":8},"end":{"line":103,"column":8}}]},"12":{"line":107,"type":"if","locations":[{"start":{"line":107,"column":8},"end":{"line":107,"column":8}},{"start":{"line":107,"column":8},"end":{"line":107,"column":8}}]},"13":{"line":108,"type":"if","locations":[{"start":{"line":108,"column":8},"end":{"line":108,"column":8}},{"start":{"line":108,"column":8},"end":{"line":108,"column":8}}]},"14":{"line":119,"type":"if","locations":[{"start":{"line":119,"column":50},"end":{"line":119,"column":50}},{"start":{"line":119,"column":50},"end":{"line":119,"column":50}}]},"15":{"line":120,"type":"if","locations":[{"start":{"line":120,"column":8},"end":{"line":120,"column":8}},{"start":{"line":120,"column":8},"end":{"line":120,"column":8}}]},"16":{"line":131,"type":"if","locations":[{"start":{"line":131,"column":48},"end":{"line":131,"column":48}},{"start":{"line":131,"column":48},"end":{"line":131,"column":48}}]},"17":{"line":132,"type":"if","locations":[{"start":{"line":132,"column":8},"end":{"line":132,"column":8}},{"start":{"line":132,"column":8},"end":{"line":132,"column":8}}]},"18":{"line":143,"type":"if","locations":[{"start":{"line":143,"column":43},"end":{"line":143,"column":43}},{"start":{"line":143,"column":43},"end":{"line":143,"column":43}}]},"19":{"line":144,"type":"if","locations":[{"start":{"line":144,"column":8},"end":{"line":144,"column":8}},{"start":{"line":144,"column":8},"end":{"line":144,"column":8}}]},"20":{"line":155,"type":"if","locations":[{"start":{"line":155,"column":41},"end":{"line":155,"column":41}},{"start":{"line":155,"column":41},"end":{"line":155,"column":41}}]},"21":{"line":156,"type":"if","locations":[{"start":{"line":156,"column":8},"end":{"line":156,"column":8}},{"start":{"line":156,"column":8},"end":{"line":156,"column":8}}]},"22":{"line":167,"type":"if","locations":[{"start":{"line":167,"column":35},"end":{"line":167,"column":35}},{"start":{"line":167,"column":35},"end":{"line":167,"column":35}}]},"23":{"line":168,"type":"if","locations":[{"start":{"line":168,"column":8},"end":{"line":168,"column":8}},{"start":{"line":168,"column":8},"end":{"line":168,"column":8}}]},"24":{"line":174,"type":"if","locations":[{"start":{"line":174,"column":12},"end":{"line":174,"column":12}},{"start":{"line":174,"column":12},"end":{"line":174,"column":12}}]}}}}
