TN:
SF:/Users/rey/Code/Alyra/Aly-Vote-Test/contracts/Voting.sol
FN:41,onlyVoters
FN:53,getVoter
FN:62,getOneProposal
FN:70,addVoter
FN:83,addProposal
FN:102,setVote
FN:119,startProposalsRegistering
FN:131,endProposalsRegistering
FN:143,startVotingSession
FN:155,endVotingSession
FN:167,tallyVotes
FNF:11
FNH:11
FNDA:47,onlyVoters
FNDA:3,getVoter
FNDA:4,getOneProposal
FNDA:28,addVoter
FNDA:19,addProposal
FNDA:15,setVote
FNDA:31,startProposalsRegistering
FNDA:22,endProposalsRegistering
FNDA:21,startVotingSession
FNDA:7,endVotingSession
FNDA:11,tallyVotes
DA:42,47
DA:43,41
DA:56,3
DA:65,4
DA:71,28
DA:75,26
DA:77,24
DA:78,24
DA:84,19
DA:88,17
DA:94,15
DA:95,15
DA:96,15
DA:97,15
DA:103,15
DA:107,13
DA:108,11
DA:110,9
DA:111,9
DA:112,9
DA:114,9
DA:120,31
DA:124,29
DA:125,29
DA:132,22
DA:136,20
DA:137,20
DA:144,21
DA:148,17
DA:149,17
DA:156,7
DA:160,5
DA:161,5
DA:168,11
DA:172,3
DA:173,3
DA:174,3
DA:178,1
DA:181,3
DA:183,3
DA:184,3
LF:41
LH:41
BRDA:42,1,0,41
BRDA:42,1,1,6
BRDA:53,2,0,3
BRDA:53,2,1,1
BRDA:62,3,0,4
BRDA:62,3,1,1
BRDA:70,4,0,28
BRDA:70,4,1,2
BRDA:71,5,0,26
BRDA:71,5,1,2
BRDA:75,6,0,24
BRDA:75,6,1,2
BRDA:83,7,0,19
BRDA:83,7,1,2
BRDA:84,8,0,17
BRDA:84,8,1,2
BRDA:88,9,0,15
BRDA:88,9,1,2
BRDA:102,10,0,15
BRDA:102,10,1,2
BRDA:103,11,0,13
BRDA:103,11,1,2
BRDA:107,12,0,11
BRDA:107,12,1,2
BRDA:108,13,0,9
BRDA:108,13,1,2
BRDA:119,14,0,31
BRDA:119,14,1,2
BRDA:120,15,0,29
BRDA:120,15,1,2
BRDA:131,16,0,22
BRDA:131,16,1,2
BRDA:132,17,0,20
BRDA:132,17,1,2
BRDA:143,18,0,21
BRDA:143,18,1,2
BRDA:144,19,0,17
BRDA:144,19,1,4
BRDA:155,20,0,7
BRDA:155,20,1,2
BRDA:156,21,0,5
BRDA:156,21,1,2
BRDA:167,22,0,11
BRDA:167,22,1,2
BRDA:168,23,0,3
BRDA:168,23,1,8
BRDA:174,24,0,1
BRDA:174,24,1,2
BRF:48
BRH:48
end_of_record
